<?xml version="1.0" encoding="UTF-8"?>
<testsuites>
  <testsuite name="SearchTest" filepath="test/integration/search_test.rb" skipped="0" failures="0" errors="0" tests="6" assertions="51" time="0.3367713119951077">
    <testcase name="test_find_all_when_no_criteria_given" lineno="117" classname="SearchTest" assertions="5" time="0.12749108101706952">
    </testcase>
    <testcase name="test_search_by_ingredient" lineno="41" classname="SearchTest" assertions="12" time="0.13922195800114423">
    </testcase>
    <testcase name="test_search_by_both_cuisine_and_ingredient" lineno="69" classname="SearchTest" assertions="13" time="0.028093424974940717">
    </testcase>
    <testcase name="test_search_by_cuisine" lineno="14" classname="SearchTest" assertions="11" time="0.0235259750043042">
    </testcase>
    <testcase name="test_search_form_should_have_search_fields" lineno="6" classname="SearchTest" assertions="3" time="0.005104646959807724">
    </testcase>
    <testcase name="test_search_may_return_no_results" lineno="99" classname="SearchTest" assertions="7" time="0.01333422603784129">
    </testcase>
  </testsuite>
</testsuites>
